
> pos-frontend@0.1.0 build
> next build

⚠ Warning: Next.js inferred your workspace root, but it may not be correct.
 We detected multiple lockfiles and selected the directory of C:\Projects\pos-system\package-lock.json as the root directory.
 To silence this warning, set `turbopack.root` in your Next.js config, or consider removing one of the lockfiles if it's not needed.
   See https://nextjs.org/docs/app/api-reference/config/next-config-js/turbopack#root-directory for more information.
 Detected additional lockfiles: 
   * C:\Projects\pos-system\pos-frontend\package-lock.json

▲ Next.js 16.1.1 (Turbopack)

  Creating an optimized production build ...
✓ Compiled successfully in 2.0min
  Running TypeScript ...
Failed to compile.

./src/components/pos/ProductCard.tsx:25:17
Type error: Argument of type 'Product' is not assignable to parameter of type '{ id: string; name: string; price: number; }'.
  Types of property 'price' are incompatible.
    Type 'string | number' is not assignable to type 'number'.
      Type 'string' is not assignable to type 'number'.

[0m [90m 23 |[39m     [36mconst[39m handleAdd [33m=[39m () [33m=>[39m {
 [90m 24 |[39m         [36mif[39m (isOutOfStock [33m||[39m longPressTriggered[33m.[39mcurrent) [36mreturn[39m[33m;[39m
[31m[1m>[22m[39m[90m 25 |[39m         addItem(product)[33m;[39m
 [90m    |[39m                 [31m[1m^[22m[39m
 [90m 26 |[39m         setJustAdded([36mtrue[39m)[33m;[39m
 [90m 27 |[39m         setTimeout(() [33m=>[39m setJustAdded([36mfalse[39m)[33m,[39m [35m400[39m)[33m;[39m
 [90m 28 |[39m     }[33m;[39m[0m
Next.js build worker exited with code: 1 and signal: null
npm error Lifecycle script `build` failed with error:
npm error code 1
npm error path C:\Projects\pos-system\pos-frontend
npm error workspace pos-frontend@0.1.0
npm error location C:\Projects\pos-system\pos-frontend
npm error command failed
npm error command C:\WINDOWS\system32\cmd.exe /d /s /c next build
